
  .   ____          _            __ _ _
 /\\ / ___'_ __ _ _(_)_ __  __ _ \ \ \ \
( ( )\___ | '_ | '_| | '_ \/ _` | \ \ \ \
 \\/  ___)| |_)| | | | | || (_| |  ) ) ) )
  '  |____| .__|_| |_|_| |_\__, | / / / /
 =========|_|==============|___/=/_/_/_/
 :: Spring Boot ::                (v3.2.3)

2026-07-01T14:03:49.124+01:00  INFO 8359 --- [           main] com.epos.api.EposApiApplication          : Starting EposApiApplication v1.0.0 using Java 26.0.1 with PID 8359 (/Users/srijoni/Documents/Argonaut/backend/target/epos-api-1.0.0.jar started by srijoni in /Users/srijoni/Documents/Argonaut/backend)
2026-07-01T14:03:49.126+01:00  INFO 8359 --- [           main] com.epos.api.EposApiApplication          : No active profile set, falling back to 1 default profile: "default"
WARNING: A restricted method in java.lang.System has been called
WARNING: java.lang.System::load has been called by org.apache.tomcat.jni.Library in an unnamed module (jar:nested:/Users/srijoni/Documents/Argonaut/backend/target/epos-api-1.0.0.jar/!BOOT-INF/lib/tomcat-embed-core-10.1.19.jar!/)
WARNING: Use --enable-native-access=ALL-UNNAMED to avoid a warning for callers in this module
WARNING: Restricted methods will be blocked in a future release unless native access is enabled

2026-07-01T14:03:49.400+01:00  INFO 8359 --- [           main] o.s.b.w.embedded.tomcat.TomcatWebServer  : Tomcat initialized with port 8080 (http)
2026-07-01T14:03:49.404+01:00  INFO 8359 --- [           main] o.apache.catalina.core.StandardService   : Starting service [Tomcat]
2026-07-01T14:03:49.404+01:00  INFO 8359 --- [           main] o.apache.catalina.core.StandardEngine    : Starting Servlet engine: [Apache Tomcat/10.1.19]
2026-07-01T14:03:49.412+01:00  INFO 8359 --- [           main] o.a.c.c.C.[Tomcat].[localhost].[/]       : Initializing Spring embedded WebApplicationContext
2026-07-01T14:03:49.413+01:00  INFO 8359 --- [           main] w.s.c.ServletWebServerApplicationContext : Root WebApplicationContext: initialization completed in 257 ms
2026-07-01T14:03:49.525+01:00  WARN 8359 --- [           main] ConfigServletWebServerApplicationContext : Exception encountered during context initialization - cancelling refresh attempt: org.springframework.context.ApplicationContextException: Failed to start bean 'webServerStartStop'
2026-07-01T14:03:49.529+01:00  INFO 8359 --- [           main] .s.b.a.l.ConditionEvaluationReportLogger : 

Error starting ApplicationContext. To display the condition evaluation report re-run your application with 'debug' enabled.
2026-07-01T14:03:49.532+01:00 ERROR 8359 --- [           main] o.s.b.d.LoggingFailureAnalysisReporter   : 

***************************
APPLICATION FAILED TO START
***************************

Description:

Web server failed to start. Port 8080 was already in use.

Action:

Identify and stop the process that's listening on port 8080 or configure this application to listen on another port.

